<?xml version="1.0" encoding="UTF-8"?>
<!-- Generated by org.testng.reporters.JUnitXMLReporter -->
<testsuite ignored="0" hostname="Lee.local" failures="1" tests="2" name="e2e_testing_navibar" time="4.631" errors="0" timestamp="2019-04-04T00:17:14 IST">
  <testcase classname="com.e2e.tests.Validate_navigation_bar_Test" name="failureTest" time="1.91">
    <failure type="java.lang.AssertionError" message="did not expect to find [true] but found [false]">
      <![CDATA[java.lang.AssertionError: did not expect to find [true] but found [false]
at com.e2e.tests.Validate_navigation_bar_Test.failureTest(Validate_navigation_bar_Test.java:42)
... Removed 35 stack frames]]>
    </failure>
  </testcase> <!-- failureTest -->
  <testcase classname="com.e2e.tests.Validate_navigation_bar_Test" name="testNavigationBar" time="0.665"/>
</testsuite> <!-- e2e_testing_navibar -->
