<?xml version="1.0" encoding="UTF-8"?>
<testng-results ignored="0" total="6" passed="5" failed="1" skipped="0">
  <reporter-output>
  </reporter-output>
  <suite started-at="2019-04-04T00:16:45 IST" name="E2E_Test" finished-at="2019-04-04T00:17:18 IST" duration-ms="32698">
    <groups>
    </groups>
    <test started-at="2019-04-04T00:16:45 IST" name="e2e_testing_homepage" finished-at="2019-04-04T00:17:09 IST" duration-ms="24646">
      <class name="com.e2e.tests.Home_PageTest">
        <test-method is-config="true" signature="startup()[pri:0, instance:com.e2e.tests.Home_PageTest@7966baa7]" started-at="2019-04-04T00:16:45 IST" name="startup" finished-at="2019-04-04T00:16:48 IST" duration-ms="3442" status="PASS">
          <reporter-output>
          </reporter-output>
        </test-method> <!-- startup -->
        <test-method signature="basePageNavigation()[pri:0, instance:com.e2e.tests.Home_PageTest@7966baa7]" started-at="2019-04-04T00:16:48 IST" name="basePageNavigation" finished-at="2019-04-04T00:16:58 IST" duration-ms="9514" status="PASS">
          <reporter-output>
          </reporter-output>
        </test-method> <!-- basePageNavigation -->
        <test-method signature="basePageNavigationDP(java.lang.String, java.lang.String, java.lang.String)[pri:0, instance:com.e2e.tests.Home_PageTest@7966baa7]" started-at="2019-04-04T00:16:58 IST" name="basePageNavigationDP" data-provider="getData" finished-at="2019-04-04T00:17:03 IST" duration-ms="5480" status="PASS">
          <params>
            <param index="0">
              <value>
                <![CDATA[test@test.com]]>
              </value>
            </param>
            <param index="1">
              <value>
                <![CDATA[123456]]>
              </value>
            </param>
            <param index="2">
              <value>
                <![CDATA[Normal User]]>
              </value>
            </param>
          </params>
          <reporter-output>
          </reporter-output>
        </test-method> <!-- basePageNavigationDP -->
        <test-method signature="basePageNavigationDP(java.lang.String, java.lang.String, java.lang.String)[pri:0, instance:com.e2e.tests.Home_PageTest@7966baa7]" started-at="2019-04-04T00:17:03 IST" name="basePageNavigationDP" data-provider="getData" finished-at="2019-04-04T00:17:09 IST" duration-ms="5975" status="PASS">
          <params>
            <param index="0">
              <value>
                <![CDATA[test1@test.com]]>
              </value>
            </param>
            <param index="1">
              <value>
                <![CDATA[1256789]]>
              </value>
            </param>
            <param index="2">
              <value>
                <![CDATA[Banned User]]>
              </value>
            </param>
          </params>
          <reporter-output>
          </reporter-output>
        </test-method> <!-- basePageNavigationDP -->
        <test-method is-config="true" signature="tearDown()[pri:0, instance:com.e2e.tests.Home_PageTest@7966baa7]" started-at="2019-04-04T00:17:09 IST" name="tearDown" finished-at="2019-04-04T00:17:09 IST" duration-ms="179" status="PASS">
          <reporter-output>
          </reporter-output>
        </test-method> <!-- tearDown -->
      </class> <!-- com.e2e.tests.Home_PageTest -->
    </test> <!-- e2e_testing_homepage -->
    <test started-at="2019-04-04T00:17:10 IST" name="e2e_testing_navibar" finished-at="2019-04-04T00:17:14 IST" duration-ms="4631">
      <class name="com.e2e.tests.Validate_navigation_bar_Test">
        <test-method is-config="true" signature="startup()[pri:0, instance:com.e2e.tests.Validate_navigation_bar_Test@73173f63]" started-at="2019-04-04T00:17:10 IST" name="startup" finished-at="2019-04-04T00:17:11 IST" duration-ms="1387" status="PASS">
          <reporter-output>
          </reporter-output>
        </test-method> <!-- startup -->
        <test-method signature="failureTest()[pri:0, instance:com.e2e.tests.Validate_navigation_bar_Test@73173f63]" started-at="2019-04-04T00:17:11 IST" name="failureTest" finished-at="2019-04-04T00:17:13 IST" duration-ms="1910" status="FAIL">
          <exception class="java.lang.AssertionError">
            <message>
              <![CDATA[did not expect to find [true] but found [false]]]>
            </message>
            <full-stacktrace>
              <![CDATA[java.lang.AssertionError: did not expect to find [true] but found [false]
at org.testng.Assert.fail(Assert.java:97)
at org.testng.Assert.failNotEquals(Assert.java:969)
at org.testng.Assert.assertTrue(Assert.java:43)
at org.testng.Assert.assertTrue(Assert.java:53)
at com.e2e.tests.Validate_navigation_bar_Test.failureTest(Validate_navigation_bar_Test.java:42)
at java.base/jdk.internal.reflect.NativeMethodAccessorImpl.invoke0(Native Method)
at java.base/jdk.internal.reflect.NativeMethodAccessorImpl.invoke(NativeMethodAccessorImpl.java:62)
at java.base/jdk.internal.reflect.DelegatingMethodAccessorImpl.invoke(DelegatingMethodAccessorImpl.java:43)
at java.base/java.lang.reflect.Method.invoke(Method.java:564)
at org.testng.internal.MethodInvocationHelper.invokeMethod(MethodInvocationHelper.java:131)
at org.testng.internal.TestInvoker.invokeMethod(TestInvoker.java:570)
at org.testng.internal.TestInvoker.invokeTestMethod(TestInvoker.java:170)
at org.testng.internal.MethodRunner.runInSequence(MethodRunner.java:46)
at org.testng.internal.TestInvoker$MethodInvocationAgent.invoke(TestInvoker.java:790)
at org.testng.internal.TestInvoker.invokeTestMethods(TestInvoker.java:143)
at org.testng.internal.TestMethodWorker.invokeTestMethods(TestMethodWorker.java:146)
at org.testng.internal.TestMethodWorker.run(TestMethodWorker.java:128)
at org.testng.TestRunner.privateRun(TestRunner.java:763)
at org.testng.TestRunner.run(TestRunner.java:594)
at org.testng.SuiteRunner.runTest(SuiteRunner.java:398)
at org.testng.SuiteRunner.runSequentially(SuiteRunner.java:392)
at org.testng.SuiteRunner.privateRun(SuiteRunner.java:355)
at org.testng.SuiteRunner.run(SuiteRunner.java:304)
at org.testng.SuiteRunnerWorker.runSuite(SuiteRunnerWorker.java:53)
at org.testng.SuiteRunnerWorker.run(SuiteRunnerWorker.java:96)
at org.testng.TestNG.runSuitesSequentially(TestNG.java:1146)
at org.testng.TestNG.runSuitesLocally(TestNG.java:1067)
at org.testng.TestNG.runSuites(TestNG.java:997)
at org.testng.TestNG.run(TestNG.java:965)
at org.apache.maven.surefire.testng.TestNGExecutor.run(TestNGExecutor.java:283)
at org.apache.maven.surefire.testng.TestNGXmlTestSuite.execute(TestNGXmlTestSuite.java:75)
at org.apache.maven.surefire.testng.TestNGProvider.invoke(TestNGProvider.java:120)
at org.apache.maven.surefire.booter.ForkedBooter.invokeProviderInSameClassLoader(ForkedBooter.java:384)
at org.apache.maven.surefire.booter.ForkedBooter.runSuitesInProcess(ForkedBooter.java:345)
at org.apache.maven.surefire.booter.ForkedBooter.execute(ForkedBooter.java:126)
at org.apache.maven.surefire.booter.ForkedBooter.main(ForkedBooter.java:418)
]]>
            </full-stacktrace>
          </exception> <!-- java.lang.AssertionError -->
          <reporter-output>
          </reporter-output>
        </test-method> <!-- failureTest -->
        <test-method signature="testNavigationBar()[pri:0, instance:com.e2e.tests.Validate_navigation_bar_Test@73173f63]" started-at="2019-04-04T00:17:13 IST" name="testNavigationBar" finished-at="2019-04-04T00:17:14 IST" duration-ms="665" status="PASS">
          <reporter-output>
          </reporter-output>
        </test-method> <!-- testNavigationBar -->
        <test-method is-config="true" signature="tearDown()[pri:0, instance:com.e2e.tests.Validate_navigation_bar_Test@73173f63]" started-at="2019-04-04T00:17:14 IST" name="tearDown" finished-at="2019-04-04T00:17:14 IST" duration-ms="142" status="PASS">
          <reporter-output>
          </reporter-output>
        </test-method> <!-- tearDown -->
      </class> <!-- com.e2e.tests.Validate_navigation_bar_Test -->
    </test> <!-- e2e_testing_navibar -->
    <test started-at="2019-04-04T00:17:14 IST" name="e2e_testing_title" finished-at="2019-04-04T00:17:18 IST" duration-ms="3353">
      <class name="com.e2e.tests.Validate_title_Test">
        <test-method is-config="true" signature="startup()[pri:0, instance:com.e2e.tests.Validate_title_Test@3ecd267f]" started-at="2019-04-04T00:17:14 IST" name="startup" finished-at="2019-04-04T00:17:15 IST" duration-ms="1266" status="PASS">
          <reporter-output>
          </reporter-output>
        </test-method> <!-- startup -->
        <test-method signature="testTitleName()[pri:0, instance:com.e2e.tests.Validate_title_Test@3ecd267f]" started-at="2019-04-04T00:17:15 IST" name="testTitleName" finished-at="2019-04-04T00:17:17 IST" duration-ms="1928" status="PASS">
          <reporter-output>
          </reporter-output>
        </test-method> <!-- testTitleName -->
        <test-method is-config="true" signature="tearDown()[pri:0, instance:com.e2e.tests.Validate_title_Test@3ecd267f]" started-at="2019-04-04T00:17:17 IST" name="tearDown" finished-at="2019-04-04T00:17:18 IST" duration-ms="157" status="PASS">
          <reporter-output>
          </reporter-output>
        </test-method> <!-- tearDown -->
      </class> <!-- com.e2e.tests.Validate_title_Test -->
    </test> <!-- e2e_testing_title -->
  </suite> <!-- E2E_Test -->
</testng-results>
